# JRE version: Java(TM) SE Runtime Environment (15.0.1+9) (build 15.0.1+9-18)
# Java VM: Java HotSpot(TM) 64-Bit Server VM (15.0.1+9-18, mixed mode, sharing, tiered, compressed oops, g1 gc, windows-amd64)
GC Precious Log:
 CPUs: 20 total, 20 available
 Memory: 65333M
 Large Page Support: Disabled
 NUMA Support: Disabled
 Compressed Oops: Enabled (Zero based)
 Heap Region Size: 8M
 Heap Min Capacity: 8M
 Heap Initial Capacity: 1G
 Heap Max Capacity: 16336M
 Pre-touch: Disabled
 Parallel Workers: 15
 Concurrent Workers: 4
 Concurrent Refinement Workers: 15
 Periodic GC: Disabled
Heap:
 garbage-first heap   total 638976K, used 47483K [0x0000000403000000, 0x0000000800000000)
  region size 8192K, 1 young (8192K), 1 survivors (8192K)
 Metaspace       used 50748K, capacity 51216K, committed 51408K, reserved 1095680K
  class space    used 5922K, capacity 6091K, committed 6220K, reserved 1048576K
GC Heap History (20 events):
Event: 51.226 GC heap after
{Heap after GC invocations=1045 (full 0):
 garbage-first heap   total 278528K, used 38811K [0x0000000403000000, 0x0000000800000000)
  region size 8192K, 1 young (8192K), 1 survivors (8192K)
 Metaspace       used 50738K, capacity 51216K, committed 51408K, reserved 1095680K
  class space    used 5922K, capacity 6091K, committed 6220K, reserved 1048576K
}
Event: 51.615 GC heap before
{Heap before GC invocations=1046 (full 0):
 garbage-first heap   total 278528K, used 243611K [0x0000000403000000, 0x0000000800000000)
  region size 8192K, 12 young (98304K), 1 survivors (8192K)
 Metaspace       used 50748K, capacity 51216K, committed 51408K, reserved 1095680K
  class space    used 5922K, capacity 6091K, committed 6220K, reserved 1048576K
}
Event: 51.615 GC heap after
{Heap after GC invocations=1047 (full 0):
 garbage-first heap   total 286720K, used 153593K [0x0000000403000000, 0x0000000800000000)
  region size 8192K, 1 young (8192K), 1 survivors (8192K)
 Metaspace       used 50748K, capacity 51216K, committed 51408K, reserved 1095680K
  class space    used 5922K, capacity 6091K, committed 6220K, reserved 1048576K
}
Event: 51.644 GC heap before
{Heap before GC invocations=1047 (full 0):
 garbage-first heap   total 286720K, used 161785K [0x0000000403000000, 0x0000000800000000)
  region size 8192K, 2 young (16384K), 1 survivors (8192K)
 Metaspace       used 50748K, capacity 51216K, committed 51408K, reserved 1095680K
  class space    used 5922K, capacity 6091K, committed 6220K, reserved 1048576K
}
Event: 51.647 GC heap after
{Heap after GC invocations=1048 (full 0):
 garbage-first heap   total 286720K, used 38810K [0x0000000403000000, 0x0000000800000000)
  region size 8192K, 1 young (8192K), 1 survivors (8192K)
 Metaspace       used 50748K, capacity 51216K, committed 51408K, reserved 1095680K
  class space    used 5922K, capacity 6091K, committed 6220K, reserved 1048576K
}
Event: 51.871 GC heap before
{Heap before GC invocations=1048 (full 0):
 garbage-first heap   total 286720K, used 128922K [0x0000000403000000, 0x0000000800000000)
  region size 8192K, 7 young (57344K), 1 survivors (8192K)
 Metaspace       used 50748K, capacity 51216K, committed 51408K, reserved 1095680K
  class space    used 5922K, capacity 6091K, committed 6220K, reserved 1048576K
}
Event: 51.872 GC heap after
{Heap after GC invocations=1049 (full 0):
 garbage-first heap   total 286720K, used 88281K [0x0000000403000000, 0x0000000800000000)
  region size 8192K, 1 young (8192K), 1 survivors (8192K)
 Metaspace       used 50748K, capacity 51216K, committed 51408K, reserved 1095680K
  class space    used 5922K, capacity 6091K, committed 6220K, reserved 1048576K
}
Event: 51.931 GC heap before
{Heap before GC invocations=1050 (full 0):
 garbage-first heap   total 286720K, used 104665K [0x0000000403000000, 0x0000000800000000)
  region size 8192K, 3 young (24576K), 1 survivors (8192K)
 Metaspace       used 50748K, capacity 51216K, committed 51408K, reserved 1095680K
  class space    used 5922K, capacity 6091K, committed 6220K, reserved 1048576K
}
Event: 51.932 GC heap after
{Heap after GC invocations=1051 (full 0):
 garbage-first heap   total 286720K, used 47400K [0x0000000403000000, 0x0000000800000000)
  region size 8192K, 1 young (8192K), 1 survivors (8192K)
 Metaspace       used 50748K, capacity 51216K, committed 51408K, reserved 1095680K
  class space    used 5922K, capacity 6091K, committed 6220K, reserved 1048576K
}
Event: 51.961 GC heap before
{Heap before GC invocations=1052 (full 0):
 garbage-first heap   total 245760K, used 55592K [0x0000000403000000, 0x0000000800000000)
  region size 8192K, 2 young (16384K), 1 survivors (8192K)
 Metaspace       used 50748K, capacity 51216K, committed 51408K, reserved 1095680K
  class space    used 5922K, capacity 6091K, committed 6220K, reserved 1048576K
}
Event: 51.962 GC heap after
{Heap after GC invocations=1053 (full 0):
 garbage-first heap   total 245760K, used 39208K [0x0000000403000000, 0x0000000800000000)
  region size 8192K, 1 young (8192K), 1 survivors (8192K)
 Metaspace       used 50748K, capacity 51216K, committed 51408K, reserved 1095680K
  class space    used 5922K, capacity 6091K, committed 6220K, reserved 1048576K
}
Event: 51.990 GC heap before
{Heap before GC invocations=1054 (full 0):
 garbage-first heap   total 221184K, used 47400K [0x0000000403000000, 0x0000000800000000)
  region size 8192K, 2 young (16384K), 1 survivors (8192K)
 Metaspace       used 50748K, capacity 51216K, committed 51408K, reserved 1095680K
  class space    used 5922K, capacity 6091K, committed 6220K, reserved 1048576K
}
Event: 51.991 GC heap after
{Heap after GC invocations=1055 (full 0):
 garbage-first heap   total 221184K, used 39220K [0x0000000403000000, 0x0000000800000000)
  region size 8192K, 1 young (8192K), 1 survivors (8192K)
 Metaspace       used 50748K, capacity 51216K, committed 51408K, reserved 1095680K
  class space    used 5922K, capacity 6091K, committed 6220K, reserved 1048576K
}
Event: 52.042 GC heap before
{Heap before GC invocations=1056 (full 0):
 garbage-first heap   total 221184K, used 55604K [0x0000000403000000, 0x0000000800000000)
  region size 8192K, 3 young (24576K), 1 survivors (8192K)
 Metaspace       used 50748K, capacity 51216K, committed 51408K, reserved 1095680K
  class space    used 5922K, capacity 6091K, committed 6220K, reserved 1048576K
}
Event: 52.043 GC heap after
{Heap after GC invocations=1057 (full 0):
 garbage-first heap   total 221184K, used 47476K [0x0000000403000000, 0x0000000800000000)
  region size 8192K, 1 young (8192K), 1 survivors (8192K)
 Metaspace       used 50748K, capacity 51216K, committed 51408K, reserved 1095680K
  class space    used 5922K, capacity 6091K, committed 6220K, reserved 1048576K
}
Event: 52.093 GC heap before
{Heap before GC invocations=1058 (full 0):
 garbage-first heap   total 221184K, used 63860K [0x0000000403000000, 0x0000000800000000)
  region size 8192K, 3 young (24576K), 1 survivors (8192K)
 Metaspace       used 50748K, capacity 51216K, committed 51408K, reserved 1095680K
  class space    used 5922K, capacity 6091K, committed 6220K, reserved 1048576K
}
Event: 52.094 GC heap after
{Heap after GC invocations=1059 (full 0):
 garbage-first heap   total 221184K, used 47481K [0x0000000403000000, 0x0000000800000000)
  region size 8192K, 1 young (8192K), 1 survivors (8192K)
 Metaspace       used 50748K, capacity 51216K, committed 51408K, reserved 1095680K
  class space    used 5922K, capacity 6091K, committed 6220K, reserved 1048576K
}
Event: 52.149 GC heap before
{Heap before GC invocations=1060 (full 0):
 garbage-first heap   total 221184K, used 63865K [0x0000000403000000, 0x0000000800000000)
  region size 8192K, 3 young (24576K), 1 survivors (8192K)
 Metaspace       used 50748K, capacity 51216K, committed 51408K, reserved 1095680K
  class space    used 5922K, capacity 6091K, committed 6220K, reserved 1048576K
}
Event: 52.150 GC heap after
{Heap after GC invocations=1061 (full 0):
 garbage-first heap   total 221184K, used 47484K [0x0000000403000000, 0x0000000800000000)
  region size 8192K, 1 young (8192K), 1 survivors (8192K)
 Metaspace       used 50748K, capacity 51216K, committed 51408K, reserved 1095680K
  class space    used 5922K, capacity 6091K, committed 6220K, reserved 1048576K
}
Event: 52.211 GC heap before
{Heap before GC invocations=1062 (full 0):
 garbage-first heap   total 221184K, used 63868K [0x0000000403000000, 0x0000000800000000)
  region size 8192K, 3 young (24576K), 1 survivors (8192K)
 Metaspace       used 50748K, capacity 51216K, committed 51408K, reserved 1095680K
  class space    used 5922K, capacity 6091K, committed 6220K, reserved 1048576K
}

