# JRE version: Java(TM) SE Runtime Environment (15.0.1+9) (build 15.0.1+9-18)
# Java VM: Java HotSpot(TM) 64-Bit Server VM (15.0.1+9-18, mixed mode, sharing, tiered, compressed oops, g1 gc, windows-amd64)
GC Precious Log:
 CPUs: 20 total, 20 available
 Memory: 65333M
 Large Page Support: Disabled
 NUMA Support: Disabled
 Compressed Oops: Enabled (Zero based)
 Heap Region Size: 8M
 Heap Min Capacity: 8M
 Heap Initial Capacity: 1G
 Heap Max Capacity: 16336M
 Pre-touch: Disabled
 Parallel Workers: 15
 Concurrent Workers: 4
 Concurrent Refinement Workers: 15
 Periodic GC: Disabled
Heap:
 garbage-first heap   total 638976K, used 47992K [0x0000000403000000, 0x0000000800000000)
  region size 8192K, 1 young (8192K), 1 survivors (8192K)
 Metaspace       used 51073K, capacity 51536K, committed 51612K, reserved 1095680K
  class space    used 5920K, capacity 6091K, committed 6144K, reserved 1048576K
GC Heap History (20 events):
Event: 83.509 GC heap after
{Heap after GC invocations=1581 (full 0):
 garbage-first heap   total 245760K, used 47898K [0x0000000403000000, 0x0000000800000000)
  region size 8192K, 1 young (8192K), 1 survivors (8192K)
 Metaspace       used 51073K, capacity 51536K, committed 51612K, reserved 1095680K
  class space    used 5920K, capacity 6091K, committed 6144K, reserved 1048576K
}
Event: 83.536 GC heap before
{Heap before GC invocations=1582 (full 0):
 garbage-first heap   total 245760K, used 56090K [0x0000000403000000, 0x0000000800000000)
  region size 8192K, 2 young (16384K), 1 survivors (8192K)
 Metaspace       used 51073K, capacity 51536K, committed 51612K, reserved 1095680K
  class space    used 5920K, capacity 6091K, committed 6144K, reserved 1048576K
}
Event: 83.537 GC heap after
{Heap after GC invocations=1583 (full 0):
 garbage-first heap   total 245760K, used 39768K [0x0000000403000000, 0x0000000800000000)
  region size 8192K, 1 young (8192K), 1 survivors (8192K)
 Metaspace       used 51073K, capacity 51536K, committed 51612K, reserved 1095680K
  class space    used 5920K, capacity 6091K, committed 6144K, reserved 1048576K
}
Event: 83.593 GC heap before
{Heap before GC invocations=1584 (full 0):
 garbage-first heap   total 221184K, used 56152K [0x0000000403000000, 0x0000000800000000)
  region size 8192K, 3 young (24576K), 1 survivors (8192K)
 Metaspace       used 51073K, capacity 51536K, committed 51612K, reserved 1095680K
  class space    used 5920K, capacity 6091K, committed 6144K, reserved 1048576K
}
Event: 83.594 GC heap after
{Heap after GC invocations=1585 (full 0):
 garbage-first heap   total 221184K, used 47830K [0x0000000403000000, 0x0000000800000000)
  region size 8192K, 1 young (8192K), 1 survivors (8192K)
 Metaspace       used 51073K, capacity 51536K, committed 51612K, reserved 1095680K
  class space    used 5920K, capacity 6091K, committed 6144K, reserved 1048576K
}
Event: 83.622 GC heap before
{Heap before GC invocations=1586 (full 0):
 garbage-first heap   total 221184K, used 56022K [0x0000000403000000, 0x0000000800000000)
  region size 8192K, 2 young (16384K), 1 survivors (8192K)
 Metaspace       used 51073K, capacity 51536K, committed 51612K, reserved 1095680K
  class space    used 5920K, capacity 6091K, committed 6144K, reserved 1048576K
}
Event: 83.623 GC heap after
{Heap after GC invocations=1587 (full 0):
 garbage-first heap   total 221184K, used 39642K [0x0000000403000000, 0x0000000800000000)
  region size 8192K, 1 young (8192K), 1 survivors (8192K)
 Metaspace       used 51073K, capacity 51536K, committed 51612K, reserved 1095680K
  class space    used 5920K, capacity 6091K, committed 6144K, reserved 1048576K
}
Event: 83.653 GC heap before
{Heap before GC invocations=1588 (full 0):
 garbage-first heap   total 221184K, used 47834K [0x0000000403000000, 0x0000000800000000)
  region size 8192K, 2 young (16384K), 1 survivors (8192K)
 Metaspace       used 51073K, capacity 51536K, committed 51612K, reserved 1095680K
  class space    used 5920K, capacity 6091K, committed 6144K, reserved 1048576K
}
Event: 83.654 GC heap after
{Heap after GC invocations=1589 (full 0):
 garbage-first heap   total 221184K, used 39640K [0x0000000403000000, 0x0000000800000000)
  region size 8192K, 1 young (8192K), 1 survivors (8192K)
 Metaspace       used 51073K, capacity 51536K, committed 51612K, reserved 1095680K
  class space    used 5920K, capacity 6091K, committed 6144K, reserved 1048576K
}
Event: 83.708 GC heap before
{Heap before GC invocations=1590 (full 0):
 garbage-first heap   total 221184K, used 56024K [0x0000000403000000, 0x0000000800000000)
  region size 8192K, 3 young (24576K), 1 survivors (8192K)
 Metaspace       used 51073K, capacity 51536K, committed 51612K, reserved 1095680K
  class space    used 5920K, capacity 6091K, committed 6144K, reserved 1048576K
}
Event: 83.709 GC heap after
{Heap after GC invocations=1591 (full 0):
 garbage-first heap   total 221184K, used 47843K [0x0000000403000000, 0x0000000800000000)
  region size 8192K, 1 young (8192K), 1 survivors (8192K)
 Metaspace       used 51073K, capacity 51536K, committed 51612K, reserved 1095680K
  class space    used 5920K, capacity 6091K, committed 6144K, reserved 1048576K
}
Event: 83.760 GC heap before
{Heap before GC invocations=1592 (full 0):
 garbage-first heap   total 221184K, used 64227K [0x0000000403000000, 0x0000000800000000)
  region size 8192K, 3 young (24576K), 1 survivors (8192K)
 Metaspace       used 51073K, capacity 51536K, committed 51612K, reserved 1095680K
  class space    used 5920K, capacity 6091K, committed 6144K, reserved 1048576K
}
Event: 83.761 GC heap after
{Heap after GC invocations=1593 (full 0):
 garbage-first heap   total 221184K, used 47909K [0x0000000403000000, 0x0000000800000000)
  region size 8192K, 1 young (8192K), 1 survivors (8192K)
 Metaspace       used 51073K, capacity 51536K, committed 51612K, reserved 1095680K
  class space    used 5920K, capacity 6091K, committed 6144K, reserved 1048576K
}
Event: 83.810 GC heap before
{Heap before GC invocations=1594 (full 0):
 garbage-first heap   total 221184K, used 64293K [0x0000000403000000, 0x0000000800000000)
  region size 8192K, 3 young (24576K), 1 survivors (8192K)
 Metaspace       used 51073K, capacity 51536K, committed 51612K, reserved 1095680K
  class space    used 5920K, capacity 6091K, committed 6144K, reserved 1048576K
}
Event: 83.811 GC heap after
{Heap after GC invocations=1595 (full 0):
 garbage-first heap   total 221184K, used 47909K [0x0000000403000000, 0x0000000800000000)
  region size 8192K, 1 young (8192K), 1 survivors (8192K)
 Metaspace       used 51073K, capacity 51536K, committed 51612K, reserved 1095680K
  class space    used 5920K, capacity 6091K, committed 6144K, reserved 1048576K
}
Event: 83.869 GC heap before
{Heap before GC invocations=1596 (full 0):
 garbage-first heap   total 221184K, used 64293K [0x0000000403000000, 0x0000000800000000)
  region size 8192K, 3 young (24576K), 1 survivors (8192K)
 Metaspace       used 51073K, capacity 51536K, committed 51612K, reserved 1095680K
  class space    used 5920K, capacity 6091K, committed 6144K, reserved 1048576K
}
Event: 83.870 GC heap after
{Heap after GC invocations=1597 (full 0):
 garbage-first heap   total 221184K, used 47913K [0x0000000403000000, 0x0000000800000000)
  region size 8192K, 1 young (8192K), 1 survivors (8192K)
 Metaspace       used 51073K, capacity 51536K, committed 51612K, reserved 1095680K
  class space    used 5920K, capacity 6091K, committed 6144K, reserved 1048576K
}
Event: 83.899 GC heap before
{Heap before GC invocations=1598 (full 0):
 garbage-first heap   total 221184K, used 56105K [0x0000000403000000, 0x0000000800000000)
  region size 8192K, 2 young (16384K), 1 survivors (8192K)
 Metaspace       used 51073K, capacity 51536K, committed 51612K, reserved 1095680K
  class space    used 5920K, capacity 6091K, committed 6144K, reserved 1048576K
}
Event: 83.900 GC heap after
{Heap after GC invocations=1599 (full 0):
 garbage-first heap   total 221184K, used 39732K [0x0000000403000000, 0x0000000800000000)
  region size 8192K, 1 young (8192K), 1 survivors (8192K)
 Metaspace       used 51073K, capacity 51536K, committed 51612K, reserved 1095680K
  class space    used 5920K, capacity 6091K, committed 6144K, reserved 1048576K
}
Event: 83.960 GC heap before
{Heap before GC invocations=1600 (full 0):
 garbage-first heap   total 221184K, used 56116K [0x0000000403000000, 0x0000000800000000)
  region size 8192K, 3 young (24576K), 1 survivors (8192K)
 Metaspace       used 51073K, capacity 51536K, committed 51612K, reserved 1095680K
  class space    used 5920K, capacity 6091K, committed 6144K, reserved 1048576K
}

